Frame Time Period TrialNo Stimulus
1 0 PRESTIM
61 18699 TRIAL 1 stim=FLOW nDots=3 dir=180 tfreq=4.0 diam=1.00 spac=3.00 dotLvl=248 bgLvl=128 interLvl=128
136 60572 POSTSTIM
151 64763 PRESTIM
211 82314 TRIAL 2 stim=+-3dotD1 dir=180,180 bgLvl=128 fgLvl=248,8
286 138322 POSTSTIM
301 142584 PRESTIM
361 159981 TRIAL 3 stim=-+1dotD1 dir=45,45 bgLvl=128 fgLvl=8,248
436 207174 POSTSTIM
451 211488 PRESTIM
511 229127 TRIAL 4 stim=-+3dotD1 dir=180,180 bgLvl=128 fgLvl=8,248
586 285830 POSTSTIM
601 290142 PRESTIM
661 307570 TRIAL 5 stim=FLOW nDots=3 dir=0 tfreq=4.0 diam=1.00 spac=3.00 dotLvl=8 bgLvl=128 interLvl=128
736 347854 POSTSTIM
751 352132 PRESTIM
811 369185 TRIAL 6 stim=GRAT dir=225 tfreq=4.0 width=1.00 fgLvl=8 bgLvl=248 interLvl=128 phase=0.00
886 392778 POSTSTIM
901 397044 PRESTIM
961 414096 TRIAL 7 stim=FLOW nDots=1 dir=45 tfreq=4.0 diam=1.00 spac=3.00 dotLvl=248 bgLvl=128 interLvl=128
1036 448767 POSTSTIM
1051 452985 PRESTIM
1111 470081 TRIAL 8 stim=FLOW nDots=1 dir=270 tfreq=4.0 diam=1.00 spac=3.00 dotLvl=8 bgLvl=128 interLvl=128
1186 504381 POSTSTIM
1201 508703 PRESTIM
1261 526135 TRIAL 9 stim=+-1dotD1 dir=0,0 bgLvl=128 fgLvl=248,8
1336 573475 POSTSTIM
1351 577786 PRESTIM
1411 595355 TRIAL 10 stim=--1dotD1opp dir=90,270 bgLvl=128 fgLvl=8,8
1486 638521 POSTSTIM
1501 642779 PRESTIM
1561 660209 TRIAL 11 stim=+-1dotD1opp dir=45,225 bgLvl=128 fgLvl=248,8
1636 706548 POSTSTIM
1651 710851 PRESTIM
1711 728298 TRIAL 12 stim=-+1dotD1opp dir=270,450 bgLvl=128 fgLvl=8,248
1786 773847 POSTSTIM
1801 778176 PRESTIM
1861 795502 TRIAL 13 stim=++1dotD1opp dir=135,315 bgLvl=128 fgLvl=248,248
1936 838805 POSTSTIM
1951 843093 PRESTIM
2011 860575 TRIAL 14 stim=-+1dotD1 dir=270,270 bgLvl=128 fgLvl=8,248
2086 907614 POSTSTIM
2101 911944 PRESTIM
2161 929389 TRIAL 15 stim=+-1dotD1opp dir=0,180 bgLvl=128 fgLvl=248,8
2236 976539 POSTSTIM
2251 980831 PRESTIM
2311 997878 TRIAL 16 stim=FLOW nDots=1 dir=135 tfreq=4.0 diam=1.00 spac=3.00 dotLvl=248 bgLvl=128 interLvl=128
2386 1032166 POSTSTIM
2401 1036416 PRESTIM
2461 1053482 TRIAL 17 stim=FLOW nDots=3 dir=315 tfreq=4.0 diam=1.00 spac=3.00 dotLvl=8 bgLvl=128 interLvl=128
2536 1092319 POSTSTIM
2551 1096558 PRESTIM
2611 1114445 TRIAL 18 stim=-+3dotD1 dir=135,135 bgLvl=128 fgLvl=8,248
2686 1168576 POSTSTIM
2701 1172923 PRESTIM
2761 1190661 TRIAL 19 stim=+-3dotD1 dir=225,225 bgLvl=128 fgLvl=248,8
2836 1245312 POSTSTIM
2851 1249657 PRESTIM
2911 1267207 TRIAL 20 stim=++1dotD1opp dir=180,360 bgLvl=128 fgLvl=248,248
2986 1312837 POSTSTIM
3001 1317152 PRESTIM
3061 1334559 TRIAL 21 stim=-+1dotD1opp dir=135,315 bgLvl=128 fgLvl=8,248
3136 1380251 POSTSTIM
3151 1384549 PRESTIM
3211 1401561 TRIAL 22 stim=FLOW nDots=1 dir=180 tfreq=4.0 diam=1.00 spac=3.00 dotLvl=8 bgLvl=128 interLvl=128
3286 1436847 POSTSTIM
3301 1441066 PRESTIM
3361 1457851 TRIAL 23 stim=GRAT dir=270 tfreq=4.0 width=1.00 fgLvl=8 bgLvl=248 interLvl=128 phase=0.00
3436 1477322 POSTSTIM
3451 1481551 PRESTIM
3511 1499026 TRIAL 24 stim=+-1dotD1 dir=225,225 bgLvl=128 fgLvl=248,8
3586 1546013 POSTSTIM
3601 1550233 PRESTIM
3661 1566968 TRIAL 25 stim=FLOW nDots=3 dir=135 tfreq=4.0 diam=1.00 spac=3.00 dotLvl=248 bgLvl=128 interLvl=128
3736 1604795 POSTSTIM
3751 1609082 PRESTIM
3811 1626191 TRIAL 26 stim=--1dotD1opp dir=45,225 bgLvl=128 fgLvl=8,8
3886 1669656 POSTSTIM
3901 1673877 PRESTIM
3961 1691096 TRIAL 27 stim=-+1dotD1 dir=0,0 bgLvl=128 fgLvl=8,248
4036 1737921 POSTSTIM
4051 1742129 PRESTIM
4111 1759534 TRIAL 28 stim=+-3dotD1 dir=315,315 bgLvl=128 fgLvl=248,8
4186 1813506 POSTSTIM
4201 1817765 PRESTIM
4261 1834868 TRIAL 29 stim=-+1dotD1opp dir=45,225 bgLvl=128 fgLvl=8,248
4336 1880768 POSTSTIM
4351 1884998 PRESTIM
4411 1902041 TRIAL 30 stim=--1dotD1opp dir=315,495 bgLvl=128 fgLvl=8,8
4486 1945343 POSTSTIM
4501 1949550 PRESTIM
4561 1966246 TRIAL 31 stim=FLOW nDots=1 dir=0 tfreq=4.0 diam=1.00 spac=3.00 dotLvl=8 bgLvl=128 interLvl=128
4636 2000967 POSTSTIM
4651 2005113 PRESTIM
4711 2022360 TRIAL 32 stim=-+3dotD1 dir=270,270 bgLvl=128 fgLvl=8,248
4786 2068395 POSTSTIM
4801 2072653 PRESTIM
4861 2089856 TRIAL 33 stim=+-1dotD1 dir=45,45 bgLvl=128 fgLvl=248,8
4936 2136481 POSTSTIM
4951 2140726 PRESTIM
5011 2157560 TRIAL 34 stim=FLOW nDots=3 dir=180 tfreq=4.0 diam=1.00 spac=3.00 dotLvl=8 bgLvl=128 interLvl=128
5086 2197941 POSTSTIM
5101 2202082 PRESTIM
5161 2219363 TRIAL 35 stim=++1dotD1opp dir=225,405 bgLvl=128 fgLvl=248,248
5236 2262343 POSTSTIM
5251 2266563 PRESTIM
5311 2283277 TRIAL 36 stim=FLOW nDots=3 dir=90 tfreq=4.0 diam=1.00 spac=3.00 dotLvl=248 bgLvl=128 interLvl=128
5386 2317023 POSTSTIM
5401 2321181 PRESTIM
5461 2338333 TRIAL 37 stim=+-1dotD1opp dir=270,450 bgLvl=128 fgLvl=248,8
5536 2383791 POSTSTIM
5551 2388937 PRESTIM
5611 2405700 TRIAL 38 stim=GRAT dir=180 tfreq=4.0 width=1.00 fgLvl=8 bgLvl=248 interLvl=128 phase=0.00
5686 2425976 POSTSTIM
5701 2430105 PRESTIM
5761 2446831 TRIAL 39 stim=FLOW nDots=1 dir=315 tfreq=4.0 diam=1.00 spac=3.00 dotLvl=248 bgLvl=128 interLvl=128
5836 2480747 POSTSTIM
5851 2484881 PRESTIM
5911 2501571 TRIAL 40 stim=FLOW nDots=1 dir=225 tfreq=4.0 diam=1.00 spac=3.00 dotLvl=248 bgLvl=128 interLvl=128
5986 2535546 POSTSTIM
6001 2539723 PRESTIM
6061 2556914 TRIAL 41 stim=+-1dotD1opp dir=90,270 bgLvl=128 fgLvl=248,8
6136 2601575 POSTSTIM
6151 2605754 PRESTIM
6211 2622638 TRIAL 42 stim=++1dotD1opp dir=315,495 bgLvl=128 fgLvl=248,248
6286 2665374 POSTSTIM
6301 2669613 PRESTIM
6361 2686406 TRIAL 43 stim=GRAT dir=315 tfreq=4.0 width=1.00 fgLvl=8 bgLvl=248 interLvl=128 phase=0.00
6436 2709771 POSTSTIM
6451 2713982 PRESTIM
6511 2731460 TRIAL 44 stim=+-3dotD1 dir=135,135 bgLvl=128 fgLvl=248,8
6586 2784996 POSTSTIM
6601 2789267 PRESTIM
6661 2806493 TRIAL 45 stim=+-1dotD1 dir=270,270 bgLvl=128 fgLvl=248,8
6736 2853033 POSTSTIM
6751 2857284 PRESTIM
6811 2873989 TRIAL 46 stim=FLOW nDots=3 dir=45 tfreq=4.0 diam=1.00 spac=3.00 dotLvl=8 bgLvl=128 interLvl=128
6886 2912639 POSTSTIM
6901 2916794 PRESTIM
6961 2934021 TRIAL 47 stim=--1dotD1opp dir=0,180 bgLvl=128 fgLvl=8,8
7036 2979000 POSTSTIM
7051 2983242 PRESTIM
7111 3000478 TRIAL 48 stim=-+3dotD1 dir=90,90 bgLvl=128 fgLvl=8,248
7186 3047442 POSTSTIM
7201 3051695 PRESTIM
7261 3068403 TRIAL 49 stim=FLOW nDots=3 dir=270 tfreq=4.0 diam=1.00 spac=3.00 dotLvl=248 bgLvl=128 interLvl=128
7336 3101910 POSTSTIM
7351 3106043 PRESTIM
7411 3122740 TRIAL 50 stim=FLOW nDots=1 dir=315 tfreq=4.0 diam=1.00 spac=3.00 dotLvl=8 bgLvl=128 interLvl=128
7486 3156622 POSTSTIM
7501 3160732 PRESTIM
7561 3177724 TRIAL 51 stim=-+1dotD1opp dir=90,270 bgLvl=128 fgLvl=8,248
7636 3222740 POSTSTIM
7651 3226994 PRESTIM
7711 3244181 TRIAL 52 stim=-+1dotD1 dir=90,90 bgLvl=128 fgLvl=8,248
7786 3291522 POSTSTIM
7801 3295828 PRESTIM
7861 3313038 TRIAL 53 stim=+-1dotD1 dir=90,90 bgLvl=128 fgLvl=248,8
7936 3359686 POSTSTIM
7951 3363953 PRESTIM
8011 3381209 TRIAL 54 stim=++1dotD1opp dir=90,270 bgLvl=128 fgLvl=248,248
8086 3423765 POSTSTIM
8101 3427990 PRESTIM
8161 3445218 TRIAL 55 stim=-+1dotD1opp dir=315,495 bgLvl=128 fgLvl=8,248
8236 3490892 POSTSTIM
8251 3495132 PRESTIM
8311 3512251 TRIAL 56 stim=--1dotD1opp dir=135,315 bgLvl=128 fgLvl=8,8
8386 3555356 POSTSTIM
8401 3559602 PRESTIM
8461 3576994 TRIAL 57 stim=-+3dotD1 dir=0,0 bgLvl=128 fgLvl=8,248
8536 3632342 POSTSTIM
8551 3636626 PRESTIM
8611 3653901 TRIAL 58 stim=+-3dotD1 dir=90,90 bgLvl=128 fgLvl=248,8
8686 3700659 POSTSTIM
8701 3705001 PRESTIM
8761 3721788 TRIAL 59 stim=GRAT dir=135 tfreq=4.0 width=1.00 fgLvl=8 bgLvl=248 interLvl=128 phase=0.00
8836 3745087 POSTSTIM
8851 3749338 PRESTIM
8911 3766004 TRIAL 60 stim=FLOW nDots=3 dir=135 tfreq=4.0 diam=1.00 spac=3.00 dotLvl=8 bgLvl=128 interLvl=128
8986 3804184 POSTSTIM
9001 3808272 PRESTIM
9061 3825024 TRIAL 61 stim=FLOW nDots=1 dir=135 tfreq=4.0 diam=1.00 spac=3.00 dotLvl=8 bgLvl=128 interLvl=128
9136 3858948 POSTSTIM
9151 3863068 PRESTIM
9211 3880344 TRIAL 62 stim=-+1dotD1 dir=180,180 bgLvl=128 fgLvl=8,248
9286 3927811 POSTSTIM
9301 3932058 PRESTIM
9361 3949273 TRIAL 63 stim=+-1dotD1opp dir=135,315 bgLvl=128 fgLvl=248,8
9436 3994667 POSTSTIM
9451 3998921 PRESTIM
9511 4015634 TRIAL 64 stim=FLOW nDots=1 dir=90 tfreq=4.0 diam=1.00 spac=3.00 dotLvl=248 bgLvl=128 interLvl=128
9586 4049296 POSTSTIM
9601 4053435 PRESTIM
9661 4070254 TRIAL 65 stim=FLOW nDots=3 dir=0 tfreq=4.0 diam=1.00 spac=3.00 dotLvl=248 bgLvl=128 interLvl=128
9736 4110121 POSTSTIM
9751 4114322 PRESTIM
9811 4131040 TRIAL 66 stim=FLOW nDots=1 dir=45 tfreq=4.0 diam=1.00 spac=3.00 dotLvl=8 bgLvl=128 interLvl=128
9886 4165388 POSTSTIM
9901 4169579 PRESTIM
9961 4186885 TRIAL 67 stim=--1dotD1opp dir=270,450 bgLvl=128 fgLvl=8,8
10036 4229720 POSTSTIM
10051 4233949 PRESTIM
10111 4250612 TRIAL 68 stim=FLOW nDots=1 dir=270 tfreq=4.0 diam=1.00 spac=3.00 dotLvl=248 bgLvl=128 interLvl=128
10186 4284264 POSTSTIM
10201 4288402 PRESTIM
10261 4305664 TRIAL 69 stim=++1dotD1opp dir=0,180 bgLvl=128 fgLvl=248,248
10336 4350387 POSTSTIM
10351 4354744 PRESTIM
10411 4372223 TRIAL 70 stim=+-1dotD1 dir=135,135 bgLvl=128 fgLvl=248,8
10486 4418694 POSTSTIM
10501 4422904 PRESTIM
10561 4439463 TRIAL 71 stim=GRAT dir=90 tfreq=4.0 width=1.00 fgLvl=8 bgLvl=248 interLvl=128 phase=0.00
10636 4458663 POSTSTIM
10651 4462804 PRESTIM
10711 4480141 TRIAL 72 stim=-+1dotD1opp dir=180,360 bgLvl=128 fgLvl=8,248
10786 4527268 POSTSTIM
10801 4531516 PRESTIM
10861 4548944 TRIAL 73 stim=+-3dotD1 dir=0,0 bgLvl=128 fgLvl=248,8
10936 4604268 POSTSTIM
10951 4608540 PRESTIM
11011 4625694 TRIAL 74 stim=+-1dotD1opp dir=315,495 bgLvl=128 fgLvl=248,8
11086 4671231 POSTSTIM
11101 4675484 PRESTIM
11161 4692964 TRIAL 75 stim=-+3dotD1 dir=225,225 bgLvl=128 fgLvl=8,248
11236 4747485 POSTSTIM
11251 4752148 PRESTIM
11311 4769877 TRIAL 76 stim=FLOW nDots=3 dir=270 tfreq=4.0 diam=1.00 spac=3.00 dotLvl=8 bgLvl=128 interLvl=128
11386 4806994 POSTSTIM
11401 4811302 PRESTIM
11461 4828811 TRIAL 77 stim=-+1dotD1 dir=225,225 bgLvl=128 fgLvl=8,248
11536 4875641 POSTSTIM
11551 4879893 PRESTIM
11611 4896876 TRIAL 78 stim=FLOW nDots=3 dir=315 tfreq=4.0 diam=1.00 spac=3.00 dotLvl=248 bgLvl=128 interLvl=128
11686 4935201 POSTSTIM
11701 4939414 PRESTIM
11761 4956378 TRIAL 79 stim=FLOW nDots=3 dir=45 tfreq=4.0 diam=1.00 spac=3.00 dotLvl=248 bgLvl=128 interLvl=128
11836 4995121 POSTSTIM
11851 4999421 PRESTIM
11911 5016392 TRIAL 80 stim=FLOW nDots=3 dir=90 tfreq=4.0 diam=1.00 spac=3.00 dotLvl=8 bgLvl=128 interLvl=128
11986 5050584 POSTSTIM
12001 5054808 PRESTIM
12061 5072266 TRIAL 81 stim=+-1dotD1opp dir=180,360 bgLvl=128 fgLvl=248,8
12136 5119759 POSTSTIM
12151 5124061 PRESTIM
12211 5141549 TRIAL 82 stim=-+1dotD1 dir=315,315 bgLvl=128 fgLvl=8,248
12286 5188527 POSTSTIM
12301 5192829 PRESTIM
12361 5210495 TRIAL 83 stim=--1dotD1opp dir=180,360 bgLvl=128 fgLvl=8,8
12436 5256390 POSTSTIM
12451 5260708 PRESTIM
12511 5277989 TRIAL 84 stim=-+1dotD1opp dir=225,405 bgLvl=128 fgLvl=8,248
12586 5323587 POSTSTIM
12601 5327877 PRESTIM
12661 5345718 TRIAL 85 stim=+-3dotD1 dir=45,45 bgLvl=128 fgLvl=248,8
12736 5399517 POSTSTIM
12751 5403885 PRESTIM
12811 5421281 TRIAL 86 stim=++1dotD1opp dir=270,450 bgLvl=128 fgLvl=248,248
12886 5464361 POSTSTIM
12901 5468690 PRESTIM
12961 5485679 TRIAL 87 stim=GRAT dir=45 tfreq=4.0 width=1.00 fgLvl=8 bgLvl=248 interLvl=128 phase=0.00
13036 5508987 POSTSTIM
13051 5513238 PRESTIM
13111 5531004 TRIAL 88 stim=-+3dotD1 dir=315,315 bgLvl=128 fgLvl=8,248
13186 5585350 POSTSTIM
13201 5589686 PRESTIM
13261 5607127 TRIAL 89 stim=+-1dotD1 dir=315,315 bgLvl=128 fgLvl=248,8
13336 5653886 POSTSTIM
13351 5658187 PRESTIM
13411 5675190 TRIAL 90 stim=FLOW nDots=1 dir=0 tfreq=4.0 diam=1.00 spac=3.00 dotLvl=248 bgLvl=128 interLvl=128
13486 5710397 POSTSTIM
13501 5714620 PRESTIM
13561 5731622 TRIAL 91 stim=FLOW nDots=1 dir=90 tfreq=4.0 diam=1.00 spac=3.00 dotLvl=8 bgLvl=128 interLvl=128
13636 5765766 POSTSTIM
13651 5769998 PRESTIM
13711 5787679 TRIAL 92 stim=+-1dotD1 dir=180,180 bgLvl=128 fgLvl=248,8
13786 5835433 POSTSTIM
13801 5839712 PRESTIM
13861 5857059 TRIAL 93 stim=++1dotD1opp dir=45,225 bgLvl=128 fgLvl=248,248
13936 5900843 POSTSTIM
13951 5905149 PRESTIM
14011 5922909 TRIAL 94 stim=-+3dotD1 dir=45,45 bgLvl=128 fgLvl=8,248
14086 5976796 POSTSTIM
14101 5981156 PRESTIM
14161 5998654 TRIAL 95 stim=--1dotD1opp dir=225,405 bgLvl=128 fgLvl=8,8
14236 6041777 POSTSTIM
14251 6046000 PRESTIM
14311 6062799 TRIAL 96 stim=FLOW nDots=3 dir=225 tfreq=4.0 diam=1.00 spac=3.00 dotLvl=8 bgLvl=128 interLvl=128
14386 6101367 POSTSTIM
14401 6105878 PRESTIM
14461 6123546 TRIAL 97 stim=FLOW nDots=1 dir=180 tfreq=4.0 diam=1.00 spac=3.00 dotLvl=248 bgLvl=128 interLvl=128
14536 6159915 POSTSTIM
14551 6164374 PRESTIM
14611 6182542 TRIAL 98 stim=+-1dotD1opp dir=225,405 bgLvl=128 fgLvl=248,8
14686 6228509 POSTSTIM
14701 6232785 PRESTIM
14761 6250024 TRIAL 99 stim=-+1dotD1opp dir=0,180 bgLvl=128 fgLvl=8,248
14836 6296805 POSTSTIM
14851 6301104 PRESTIM
14911 6318362 TRIAL 100 stim=-+1dotD1 dir=135,135 bgLvl=128 fgLvl=8,248
14986 6364844 POSTSTIM
15001 6369086 PRESTIM
15061 6386672 TRIAL 101 stim=FLOW nDots=3 dir=225 tfreq=4.0 diam=1.00 spac=3.00 dotLvl=248 bgLvl=128 interLvl=128
15136 6427715 POSTSTIM
15151 6432105 PRESTIM
15211 6450046 TRIAL 102 stim=+-3dotD1 dir=270,270 bgLvl=128 fgLvl=248,8
15286 6496173 POSTSTIM
15301 6500481 PRESTIM
15361 6517300 TRIAL 103 stim=FLOW nDots=1 dir=225 tfreq=4.0 diam=1.00 spac=3.00 dotLvl=8 bgLvl=128 interLvl=128
15436 6551341 POSTSTIM
15451 6555519 PRESTIM
15511 6572107 TRIAL 104 stim=GRAT dir=0 tfreq=4.0 width=1.00 fgLvl=8 bgLvl=248 interLvl=128 phase=0.00
15586 6592465 POSTSTIM
