Frame Time Period TrialNo Stimulus
1 0 PRESTIM
61 17488 TRIAL 1 stim=FLOW nDots=3 dir=180 tfreq=4.0 diam=1.00 spac=3.00 dotLvl=248 bgLvl=128 interLvl=128
136 65224 POSTSTIM
151 69621 PRESTIM
211 87499 TRIAL 2 stim=+-3dotD1 dir=180,180 bgLvl=128 fgLvl=248,8
286 152984 POSTSTIM
301 157292 PRESTIM
361 174930 TRIAL 3 stim=-+1dotD1 dir=45,45 bgLvl=128 fgLvl=8,248
436 243368 POSTSTIM
451 247829 PRESTIM
511 271090 TRIAL 4 stim=-+3dotD1 dir=180,180 bgLvl=128 fgLvl=8,248
586 345682 POSTSTIM
601 350929 PRESTIM
661 370580 TRIAL 5 stim=FLOW nDots=3 dir=0 tfreq=4.0 diam=1.00 spac=3.00 dotLvl=8 bgLvl=128 interLvl=128
736 421170 POSTSTIM
751 426143 PRESTIM
811 449785 TRIAL 6 stim=GRAT dir=225 tfreq=4.0 width=1.00 fgLvl=8 bgLvl=248 interLvl=128 phase=0.00
886 485398 POSTSTIM
901 489836 PRESTIM
961 507834 TRIAL 7 stim=FLOW nDots=1 dir=45 tfreq=4.0 diam=1.00 spac=3.00 dotLvl=248 bgLvl=128 interLvl=128
1036 548400 POSTSTIM
1051 553385 PRESTIM
1111 570867 TRIAL 8 stim=FLOW nDots=1 dir=270 tfreq=4.0 diam=1.00 spac=3.00 dotLvl=8 bgLvl=128 interLvl=128
1186 610170 POSTSTIM
1201 614336 PRESTIM
1261 632412 TRIAL 9 stim=+-1dotD1 dir=0,0 bgLvl=128 fgLvl=248,8
1336 691418 POSTSTIM
1351 695763 PRESTIM
1411 713421 TRIAL 10 stim=--1dotD1opp dir=90,270 bgLvl=128 fgLvl=8,8
1486 766549 POSTSTIM
1501 771243 PRESTIM
1561 790013 TRIAL 11 stim=+-1dotD1opp dir=45,225 bgLvl=128 fgLvl=248,8
1636 850406 POSTSTIM
1651 854752 PRESTIM
1711 873558 TRIAL 12 stim=-+1dotD1opp dir=270,450 bgLvl=128 fgLvl=8,248
1786 929791 POSTSTIM
1801 934439 PRESTIM
1861 953344 TRIAL 13 stim=++1dotD1opp dir=135,315 bgLvl=128 fgLvl=248,248
1936 1004097 POSTSTIM
1951 1008570 PRESTIM
2011 1027338 TRIAL 14 stim=+-1dotD1opp dir=0,180 bgLvl=128 fgLvl=248,8
2086 1086111 POSTSTIM
2101 1090722 PRESTIM
2161 1111468 TRIAL 15 stim=--1dotD1opp dir=45,225 bgLvl=128 fgLvl=8,8
2236 1166309 POSTSTIM
2251 1170901 PRESTIM
2311 1189418 TRIAL 16 stim=FLOW nDots=3 dir=315 tfreq=4.0 diam=1.00 spac=3.00 dotLvl=8 bgLvl=128 interLvl=128
2386 1236973 POSTSTIM
2401 1241175 PRESTIM
2461 1259143 TRIAL 17 stim=FLOW nDots=1 dir=180 tfreq=4.0 diam=1.00 spac=3.00 dotLvl=8 bgLvl=128 interLvl=128
2536 1302342 POSTSTIM
2551 1306835 PRESTIM
2611 1325094 TRIAL 18 stim=-+1dotD1opp dir=135,315 bgLvl=128 fgLvl=8,248
2686 1380039 POSTSTIM
2701 1384614 PRESTIM
2761 1403317 TRIAL 19 stim=+-1dotD1 dir=225,225 bgLvl=128 fgLvl=248,8
2836 1460812 POSTSTIM
2851 1465093 PRESTIM
2911 1483623 TRIAL 20 stim=FLOW nDots=3 dir=135 tfreq=4.0 diam=1.00 spac=3.00 dotLvl=248 bgLvl=128 interLvl=128
2986 1530683 POSTSTIM
3001 1535159 PRESTIM
3061 1554164 TRIAL 21 stim=-+3dotD1 dir=135,135 bgLvl=128 fgLvl=8,248
3136 1622164 POSTSTIM
3151 1627074 PRESTIM
3211 1645242 TRIAL 22 stim=-+1dotD1 dir=270,270 bgLvl=128 fgLvl=8,248
3286 1701266 POSTSTIM
3301 1705716 PRESTIM
3361 1724013 TRIAL 23 stim=++1dotD1opp dir=180,360 bgLvl=128 fgLvl=248,248
3436 1778134 POSTSTIM
3451 1782492 PRESTIM
3511 1801691 TRIAL 24 stim=+-3dotD1 dir=225,225 bgLvl=128 fgLvl=248,8
3586 1870387 POSTSTIM
3601 1875200 PRESTIM
3661 1896277 TRIAL 25 stim=GRAT dir=270 tfreq=4.0 width=1.00 fgLvl=8 bgLvl=248 interLvl=128 phase=0.00
3736 1918665 POSTSTIM
3751 1923155 PRESTIM
3811 1941786 TRIAL 26 stim=FLOW nDots=1 dir=135 tfreq=4.0 diam=1.00 spac=3.00 dotLvl=248 bgLvl=128 interLvl=128
3886 1982371 POSTSTIM
3901 1987080 PRESTIM
3961 2006871 TRIAL 27 stim=+-3dotD1 dir=315,315 bgLvl=128 fgLvl=248,8
4036 2077190 POSTSTIM
4051 2081683 PRESTIM
4111 2101463 TRIAL 28 stim=-+3dotD1 dir=270,270 bgLvl=128 fgLvl=8,248
4186 2161174 POSTSTIM
4201 2165599 PRESTIM
4261 2186296 TRIAL 29 stim=+-1dotD1opp dir=270,450 bgLvl=128 fgLvl=248,8
4336 2243284 POSTSTIM
4351 2247768 PRESTIM
4411 2265427 TRIAL 30 stim=FLOW nDots=1 dir=0 tfreq=4.0 diam=1.00 spac=3.00 dotLvl=8 bgLvl=128 interLvl=128
4486 2307065 POSTSTIM
4501 2311479 PRESTIM
4561 2329087 TRIAL 31 stim=++1dotD1opp dir=225,405 bgLvl=128 fgLvl=248,248
4636 2380205 POSTSTIM
4651 2384551 PRESTIM
4711 2401824 TRIAL 32 stim=FLOW nDots=1 dir=315 tfreq=4.0 diam=1.00 spac=3.00 dotLvl=248 bgLvl=128 interLvl=128
4786 2440484 POSTSTIM
4801 2444682 PRESTIM
4861 2462252 TRIAL 33 stim=-+1dotD1 dir=0,0 bgLvl=128 fgLvl=8,248
4936 2519231 POSTSTIM
4951 2523542 PRESTIM
5011 2541124 TRIAL 34 stim=-+1dotD1opp dir=45,225 bgLvl=128 fgLvl=8,248
5086 2596575 POSTSTIM
5101 2600962 PRESTIM
5161 2618765 TRIAL 35 stim=--1dotD1opp dir=315,495 bgLvl=128 fgLvl=8,8
5236 2667732 POSTSTIM
5251 2672012 PRESTIM
5311 2689553 TRIAL 36 stim=+-1dotD1 dir=45,45 bgLvl=128 fgLvl=248,8
5386 2746338 POSTSTIM
5401 2750722 PRESTIM
5461 2768022 TRIAL 37 stim=FLOW nDots=3 dir=180 tfreq=4.0 diam=1.00 spac=3.00 dotLvl=8 bgLvl=128 interLvl=128
5536 2817021 POSTSTIM
5551 2821480 PRESTIM
5611 2839356 TRIAL 38 stim=FLOW nDots=3 dir=90 tfreq=4.0 diam=1.00 spac=3.00 dotLvl=248 bgLvl=128 interLvl=128
5686 2878876 POSTSTIM
5701 2883267 PRESTIM
5761 2900891 TRIAL 39 stim=GRAT dir=180 tfreq=4.0 width=1.00 fgLvl=8 bgLvl=248 interLvl=128 phase=0.00
5836 2924516 POSTSTIM
5851 2928723 PRESTIM
5911 2946770 TRIAL 40 stim=-+1dotD1opp dir=90,270 bgLvl=128 fgLvl=8,248
5986 3002664 POSTSTIM
6001 3007016 PRESTIM
6061 3026545 TRIAL 41 stim=-+1dotD1 dir=90,90 bgLvl=128 fgLvl=8,248
6136 3088779 POSTSTIM
6151 3093303 PRESTIM
6211 3111546 TRIAL 42 stim=FLOW nDots=1 dir=225 tfreq=4.0 diam=1.00 spac=3.00 dotLvl=248 bgLvl=128 interLvl=128
6286 3154665 POSTSTIM
6301 3158872 PRESTIM
6361 3178423 TRIAL 43 stim=-+3dotD1 dir=90,90 bgLvl=128 fgLvl=8,248
6436 3238729 POSTSTIM
6451 3243442 PRESTIM
6511 3260848 TRIAL 44 stim=FLOW nDots=3 dir=270 tfreq=4.0 diam=1.00 spac=3.00 dotLvl=248 bgLvl=128 interLvl=128
6586 3300244 POSTSTIM
6601 3304514 PRESTIM
6661 3321786 TRIAL 45 stim=FLOW nDots=3 dir=45 tfreq=4.0 diam=1.00 spac=3.00 dotLvl=8 bgLvl=128 interLvl=128
6736 3367621 POSTSTIM
6751 3371949 PRESTIM
6811 3389510 TRIAL 46 stim=--1dotD1opp dir=0,180 bgLvl=128 fgLvl=8,8
6886 3441459 POSTSTIM
6901 3445806 PRESTIM
6961 3464256 TRIAL 47 stim=+-3dotD1 dir=135,135 bgLvl=128 fgLvl=248,8
7036 3532071 POSTSTIM
7051 3537856 PRESTIM
7111 3556466 TRIAL 48 stim=GRAT dir=315 tfreq=4.0 width=1.00 fgLvl=8 bgLvl=248 interLvl=128 phase=0.00
7186 3582375 POSTSTIM
7201 3586809 PRESTIM
7261 3604761 TRIAL 49 stim=+-1dotD1 dir=270,270 bgLvl=128 fgLvl=248,8
7336 3658349 POSTSTIM
7351 3662628 PRESTIM
7411 3679894 TRIAL 50 stim=FLOW nDots=1 dir=315 tfreq=4.0 diam=1.00 spac=3.00 dotLvl=8 bgLvl=128 interLvl=128
7486 3718545 POSTSTIM
7501 3722708 PRESTIM
7561 3740323 TRIAL 51 stim=+-1dotD1opp dir=90,270 bgLvl=128 fgLvl=248,8
7636 3792282 POSTSTIM
7651 3796518 PRESTIM
7711 3813776 TRIAL 52 stim=++1dotD1opp dir=315,495 bgLvl=128 fgLvl=248,248
7786 3861790 POSTSTIM
7801 3866031 PRESTIM
7861 3883478 TRIAL 53 stim=+-1dotD1 dir=90,90 bgLvl=128 fgLvl=248,8
7936 3938141 POSTSTIM
7951 3942295 PRESTIM
8011 3960254 TRIAL 54 stim=+-3dotD1 dir=90,90 bgLvl=128 fgLvl=248,8
8086 4015596 POSTSTIM
8101 4019934 PRESTIM
8161 4037992 TRIAL 55 stim=-+3dotD1 dir=0,0 bgLvl=128 fgLvl=8,248
8236 4103260 POSTSTIM
8251 4107570 PRESTIM
8311 4124665 TRIAL 56 stim=-+1dotD1opp dir=315,495 bgLvl=128 fgLvl=8,248
8386 4176935 POSTSTIM
8401 4181127 PRESTIM
8461 4198182 TRIAL 57 stim=++1dotD1opp dir=90,270 bgLvl=128 fgLvl=248,248
8536 4245718 POSTSTIM
8551 4249964 PRESTIM
8611 4267102 TRIAL 58 stim=-+1dotD1 dir=180,180 bgLvl=128 fgLvl=8,248
8686 4322823 POSTSTIM
8701 4327047 PRESTIM
8761 4344825 TRIAL 59 stim=--1dotD1opp dir=135,315 bgLvl=128 fgLvl=8,8
8836 4394930 POSTSTIM
8851 4399347 PRESTIM
8911 4417257 TRIAL 60 stim=+-1dotD1opp dir=135,315 bgLvl=128 fgLvl=248,8
8986 4472483 POSTSTIM
9001 4476857 PRESTIM
9061 4494165 TRIAL 61 stim=FLOW nDots=1 dir=135 tfreq=4.0 diam=1.00 spac=3.00 dotLvl=8 bgLvl=128 interLvl=128
9136 4532418 POSTSTIM
9151 4536510 PRESTIM
9211 4553171 TRIAL 62 stim=FLOW nDots=1 dir=90 tfreq=4.0 diam=1.00 spac=3.00 dotLvl=248 bgLvl=128 interLvl=128
9286 4591208 POSTSTIM
9301 4595873 PRESTIM
9361 4613121 TRIAL 63 stim=GRAT dir=135 tfreq=4.0 width=1.00 fgLvl=8 bgLvl=248 interLvl=128 phase=0.00
9436 4636952 POSTSTIM
9451 4641409 PRESTIM
9511 4658893 TRIAL 64 stim=FLOW nDots=3 dir=0 tfreq=4.0 diam=1.00 spac=3.00 dotLvl=248 bgLvl=128 interLvl=128
9586 4704997 POSTSTIM
9601 4709118 PRESTIM
9661 4725987 TRIAL 65 stim=FLOW nDots=3 dir=135 tfreq=4.0 diam=1.00 spac=3.00 dotLvl=8 bgLvl=128 interLvl=128
9736 4769924 POSTSTIM
9751 4774041 PRESTIM
9811 4790248 TRIAL 66 stim=GRAT dir=90 tfreq=4.0 width=1.00 fgLvl=8 bgLvl=248 interLvl=128 phase=0.00
9886 4809318 POSTSTIM
9901 4813408 PRESTIM
9961 4830461 TRIAL 67 stim=+-1dotD1opp dir=315,495 bgLvl=128 fgLvl=248,8
10036 4882795 POSTSTIM
10051 4886970 PRESTIM
10111 4904067 TRIAL 68 stim=+-1dotD1 dir=135,135 bgLvl=128 fgLvl=248,8
10186 4957250 POSTSTIM
10201 4961416 PRESTIM
10261 4978551 TRIAL 69 stim=-+1dotD1opp dir=180,360 bgLvl=128 fgLvl=8,248
10336 5033128 POSTSTIM
10351 5037291 PRESTIM
10411 5053764 TRIAL 70 stim=FLOW nDots=1 dir=270 tfreq=4.0 diam=1.00 spac=3.00 dotLvl=248 bgLvl=128 interLvl=128
10486 5090431 POSTSTIM
10501 5094856 PRESTIM
10561 5111454 TRIAL 71 stim=FLOW nDots=3 dir=270 tfreq=4.0 diam=1.00 spac=3.00 dotLvl=8 bgLvl=128 interLvl=128
10636 5148588 POSTSTIM
10651 5152745 PRESTIM
10711 5169739 TRIAL 72 stim=FLOW nDots=1 dir=45 tfreq=4.0 diam=1.00 spac=3.00 dotLvl=8 bgLvl=128 interLvl=128
10786 5207832 POSTSTIM
10801 5211935 PRESTIM
10861 5229275 TRIAL 73 stim=++1dotD1opp dir=0,180 bgLvl=128 fgLvl=248,248
10936 5279778 POSTSTIM
10951 5283967 PRESTIM
11011 5302050 TRIAL 74 stim=+-3dotD1 dir=0,0 bgLvl=128 fgLvl=248,8
11086 5367183 POSTSTIM
11101 5371600 PRESTIM
11161 5388711 TRIAL 75 stim=-+1dotD1 dir=225,225 bgLvl=128 fgLvl=8,248
11236 5442044 POSTSTIM
11251 5446218 PRESTIM
11311 5464162 TRIAL 76 stim=-+3dotD1 dir=225,225 bgLvl=128 fgLvl=8,248
11386 5528463 POSTSTIM
11401 5532780 PRESTIM
11461 5549875 TRIAL 77 stim=--1dotD1opp dir=270,450 bgLvl=128 fgLvl=8,8
11536 5597400 POSTSTIM
11551 5601583 PRESTIM
11611 5618377 TRIAL 78 stim=FLOW nDots=3 dir=315 tfreq=4.0 diam=1.00 spac=3.00 dotLvl=248 bgLvl=128 interLvl=128
11686 5662667 POSTSTIM
11701 5666776 PRESTIM
11761 5683253 TRIAL 79 stim=FLOW nDots=1 dir=90 tfreq=4.0 diam=1.00 spac=3.00 dotLvl=8 bgLvl=128 interLvl=128
11836 5720771 POSTSTIM
11851 5724944 PRESTIM
11911 5741986 TRIAL 80 stim=GRAT dir=45 tfreq=4.0 width=1.00 fgLvl=8 bgLvl=248 interLvl=128 phase=0.00
11986 5764653 POSTSTIM
12001 5768869 PRESTIM
12061 5785736 TRIAL 81 stim=FLOW nDots=3 dir=45 tfreq=4.0 diam=1.00 spac=3.00 dotLvl=248 bgLvl=128 interLvl=128
12136 5830267 POSTSTIM
12151 5834372 PRESTIM
12211 5851572 TRIAL 82 stim=-+1dotD1 dir=315,315 bgLvl=128 fgLvl=8,248
12286 5905486 POSTSTIM
12301 5909657 PRESTIM
12361 5926775 TRIAL 83 stim=--1dotD1opp dir=180,360 bgLvl=128 fgLvl=8,8
12436 5976990 POSTSTIM
12451 5981132 PRESTIM
12511 5997696 TRIAL 84 stim=FLOW nDots=1 dir=0 tfreq=4.0 diam=1.00 spac=3.00 dotLvl=248 bgLvl=128 interLvl=128
12586 6037234 POSTSTIM
12601 6041313 PRESTIM
12661 6059242 TRIAL 85 stim=+-3dotD1 dir=45,45 bgLvl=128 fgLvl=248,8
12736 6123781 POSTSTIM
12751 6128094 PRESTIM
12811 6145460 TRIAL 86 stim=-+1dotD1opp dir=225,405 bgLvl=128 fgLvl=8,248
12886 6198248 POSTSTIM
12901 6202477 PRESTIM
12961 6219795 TRIAL 87 stim=++1dotD1opp dir=270,450 bgLvl=128 fgLvl=248,248
13036 6266790 POSTSTIM
13051 6270987 PRESTIM
13111 6289203 TRIAL 88 stim=-+3dotD1 dir=315,315 bgLvl=128 fgLvl=8,248
13186 6352860 POSTSTIM
13201 6357341 PRESTIM
13261 6374476 TRIAL 89 stim=+-1dotD1 dir=315,315 bgLvl=128 fgLvl=248,8
13336 6428064 POSTSTIM
13351 6432204 PRESTIM
13411 6449532 TRIAL 90 stim=+-1dotD1opp dir=180,360 bgLvl=128 fgLvl=248,8
13486 6504336 POSTSTIM
13501 6508510 PRESTIM
13561 6525166 TRIAL 91 stim=FLOW nDots=3 dir=90 tfreq=4.0 diam=1.00 spac=3.00 dotLvl=8 bgLvl=128 interLvl=128
13636 6563421 POSTSTIM
13651 6567696 PRESTIM
13711 6584939 TRIAL 92 stim=-+1dotD1opp dir=0,180 bgLvl=128 fgLvl=8,248
13786 6639706 POSTSTIM
13801 6643882 PRESTIM
13861 6661451 TRIAL 93 stim=+-3dotD1 dir=270,270 bgLvl=128 fgLvl=248,8
13936 6715440 POSTSTIM
13951 6719736 PRESTIM
14011 6736209 TRIAL 94 stim=FLOW nDots=1 dir=180 tfreq=4.0 diam=1.00 spac=3.00 dotLvl=248 bgLvl=128 interLvl=128
14086 6774876 POSTSTIM
14101 6779096 PRESTIM
14161 6795419 TRIAL 95 stim=GRAT dir=0 tfreq=4.0 width=1.00 fgLvl=8 bgLvl=248 interLvl=128 phase=0.00
14236 6815029 POSTSTIM
14251 6819072 PRESTIM
14311 6836126 TRIAL 96 stim=+-1dotD1opp dir=225,405 bgLvl=128 fgLvl=248,8
14386 6889331 POSTSTIM
14401 6893502 PRESTIM
14461 6910657 TRIAL 97 stim=+-1dotD1 dir=180,180 bgLvl=128 fgLvl=248,8
14536 6965456 POSTSTIM
14551 6969609 PRESTIM
14611 6986711 TRIAL 98 stim=++1dotD1opp dir=45,225 bgLvl=128 fgLvl=248,248
14686 7034783 POSTSTIM
14701 7038951 PRESTIM
14761 7055486 TRIAL 99 stim=FLOW nDots=1 dir=225 tfreq=4.0 diam=1.00 spac=3.00 dotLvl=8 bgLvl=128 interLvl=128
14836 7093594 POSTSTIM
14851 7097649 PRESTIM
14911 7114461 TRIAL 100 stim=FLOW nDots=3 dir=225 tfreq=4.0 diam=1.00 spac=3.00 dotLvl=8 bgLvl=128 interLvl=128
14986 7158620 POSTSTIM
15001 7162776 PRESTIM
15061 7180653 TRIAL 101 stim=-+3dotD1 dir=45,45 bgLvl=128 fgLvl=8,248
15136 7245210 POSTSTIM
15151 7249543 PRESTIM
15211 7266738 TRIAL 102 stim=-+1dotD1 dir=135,135 bgLvl=128 fgLvl=8,248
15286 7319815 POSTSTIM
15301 7323990 PRESTIM
15361 7341037 TRIAL 103 stim=FLOW nDots=3 dir=225 tfreq=4.0 diam=1.00 spac=3.00 dotLvl=248 bgLvl=128 interLvl=128
15436 7384883 POSTSTIM
15451 7389016 PRESTIM
15511 7406090 TRIAL 104 stim=--1dotD1opp dir=225,405 bgLvl=128 fgLvl=8,8
15586 7454362 POSTSTIM
